<?xml version="1.0" encoding="UTF-8"?>
<!-- Generated by org.testng.reporters.JUnitReportReporter -->
<testsuite hostname="Tyss-4F-Wacom" name="scripts.TestScripts" tests="1" failures="0" timestamp="1 Dec 2018 01:44:54 GMT" time="24.484" errors="0">
  <testcase name="testCreateEmployee" time="24.484" classname="scripts.TestScripts"/>
</testsuite> <!-- scripts.TestScripts -->
